[2026-05-25 14:48:01] local.ERROR: The C:\Users\nouhm\Downloads\PROJET_CYNA\Projet-CYNA-DEV\backend-laravel\bootstrap\cache directory must be present and writable. {"exception":"[object] (Exception(code: 0): The C:\\Users\\nouhm\\Downloads\\PROJET_CYNA\\Projet-CYNA-DEV\\backend-laravel\\bootstrap\\cache directory must be present and writable. at C:/Users/nouhm/Downloads/PROJET_CYNA/Projet-CYNA-DEV/backend-laravel/vendor/laravel/framework/src/Illuminate/Foundation/PackageManifest.php:179)
[stacktrace]
#0 C:/Users/nouhm/Downloads/PROJET_CYNA/Projet-CYNA-DEV/backend-laravel/vendor/laravel/framework/src/Illuminate/Foundation/PackageManifest.php(132): Illuminate/Foundation/PackageManifest->write(Array)
#1 C:/Users/nouhm/Downloads/PROJET_CYNA/Projet-CYNA-DEV/backend-laravel/vendor/laravel/framework/src/Illuminate/Foundation/PackageManifest.php(108): Illuminate/Foundation/PackageManifest->build()
#2 C:/Users/nouhm/Downloads/PROJET_CYNA/Projet-CYNA-DEV/backend-laravel/vendor/laravel/framework/src/Illuminate/Foundation/PackageManifest.php(91): Illuminate/Foundation/PackageManifest->getManifest()
#3 C:/Users/nouhm/Downloads/PROJET_CYNA/Projet-CYNA-DEV/backend-laravel/vendor/laravel/framework/src/Illuminate/Foundation/PackageManifest.php(80): Illuminate/Foundation/PackageManifest->config('aliases')
#4 C:/Users/nouhm/Downloads/PROJET_CYNA/Projet-CYNA-DEV/backend-laravel/vendor/laravel/framework/src/Illuminate/Foundation/Bootstrap/RegisterFacades.php(26): Illuminate/Foundation/PackageManifest->aliases()
#5 C:/Users/nouhm/Downloads/PROJET_CYNA/Projet-CYNA-DEV/backend-laravel/vendor/laravel/framework/src/Illuminate/Foundation/Application.php(342): Illuminate/Foundation/Bootstrap/RegisterFacades->bootstrap(Object(Illuminate/Foundation/Application))
#6 C:/Users/nouhm/Downloads/PROJET_CYNA/Projet-CYNA-DEV/backend-laravel/vendor/laravel/framework/src/Illuminate/Foundation/Console/Kernel.php(474): Illuminate/Foundation/Application->bootstrapWith(Array)
#7 C:/Users/nouhm/Downloads/PROJET_CYNA/Projet-CYNA-DEV/backend-laravel/vendor/laravel/framework/src/Illuminate/Foundation/Console/Kernel.php(196): Illuminate/Foundation/Console/Kernel->bootstrap()
#8 C:/Users/nouhm/Downloads/PROJET_CYNA/Projet-CYNA-DEV/backend-laravel/artisan(16): Illuminate/Foundation/Console/Kernel->handle(Object(Symfony/Component/Console/Input/ArgvInput), Object(Symfony/Component/Console/Output/ConsoleOutput))
#9 {main}
"} 
[2026-05-25 14:49:46] local.ERROR: SQLSTATE[42S02]: Base table or view not found: 1146 Table 'cyna_db.personal_access_tokens' doesn't exist (Connection: mysql, SQL: delete from `personal_access_tokens` where `personal_access_tokens`.`tokenable_type` = App\Models\User and `personal_access_tokens`.`tokenable_id` = 2 and `personal_access_tokens`.`tokenable_id` is not null) {"exception":"[object] (Illuminate\\Database\\QueryException(code: 42S02): SQLSTATE[42S02]: Base table or view not found: 1146 Table 'cyna_db.personal_access_tokens' doesn't exist (Connection: mysql, SQL: delete from `personal_access_tokens` where `personal_access_tokens`.`tokenable_type` = App\\Models\\User and `personal_access_tokens`.`tokenable_id` = 2 and `personal_access_tokens`.`tokenable_id` is not null) at C:/Users/nouhm/Downloads/PROJET_CYNA/Projet-CYNA-DEV/backend-laravel/vendor/laravel/framework/src/Illuminate/Database/Connection.php:825)
[stacktrace]
#0 C:/Users/nouhm/Downloads/PROJET_CYNA/Projet-CYNA-DEV/backend-laravel/vendor/laravel/framework/src/Illuminate/Database/Connection.php(779): Illuminate/Database/Connection->runQueryCallback('delete from `pe...', Array, Object(Closure))
#1 C:/Users/nouhm/Downloads/PROJET_CYNA/Projet-CYNA-DEV/backend-laravel/vendor/laravel/framework/src/Illuminate/Database/Connection.php(584): Illuminate/Database/Connection->run('delete from `pe...', Array, Object(Closure))
#2 C:/Users/nouhm/Downloads/PROJET_CYNA/Projet-CYNA-DEV/backend-laravel/vendor/laravel/framework/src/Illuminate/Database/Connection.php(548): Illuminate/Database/Connection->affectingStatement('delete from `pe...', Array)
#3 C:/Users/nouhm/Downloads/PROJET_CYNA/Projet-CYNA-DEV/backend-laravel/vendor/laravel/framework/src/Illuminate/Database/Query/Builder.php(4024): Illuminate/Database/Connection->delete('delete from `pe...', Array)
#4 C:/Users/nouhm/Downloads/PROJET_CYNA/Projet-CYNA-DEV/backend-laravel/vendor/laravel/framework/src/Illuminate/Database/Eloquent/Builder.php(1387): Illuminate/Database/Query/Builder->delete()
#5 C:/Users/nouhm/Downloads/PROJET_CYNA/Projet-CYNA-DEV/backend-laravel/vendor/laravel/framework/src/Illuminate/Support/Traits/ForwardsCalls.php(23): Illuminate/Database/Eloquent/Builder->delete()
#6 C:/Users/nouhm/Downloads/PROJET_CYNA/Projet-CYNA-DEV/backend-laravel/vendor/laravel/framework/src/Illuminate/Support/Traits/ForwardsCalls.php(52): Illuminate/Database/Eloquent/Relations/Relation->forwardCallTo(Object(Illuminate/Database/Eloquent/Builder), 'delete', Array)
#7 C:/Users/nouhm/Downloads/PROJET_CYNA/Projet-CYNA-DEV/backend-laravel/vendor/laravel/framework/src/Illuminate/Database/Eloquent/Relations/Relation.php(538): Illuminate/Database/Eloquent/Relations/Relation->forwardDecoratedCallTo(Object(Illuminate/Database/Eloquent/Builder), 'delete', Array)
#8 C:/Users/nouhm/Downloads/PROJET_CYNA/Projet-CYNA-DEV/backend-laravel/app/Http/Controllers/Api/AuthController.php(74): Illuminate/Database/Eloquent/Relations/Relation->__call('delete', Array)
#9 C:/Users/nouhm/Downloads/PROJET_CYNA/Projet-CYNA-DEV/backend-laravel/vendor/laravel/framework/src/Illuminate/Routing/ControllerDispatcher.php(47): App/Http/Controllers/Api/AuthController->login(Object(Illuminate/Http/Request))
#10 C:/Users/nouhm/Downloads/PROJET_CYNA/Projet-CYNA-DEV/backend-laravel/vendor/laravel/framework/src/Illuminate/Routing/Route.php(266): Illuminate/Routing/ControllerDispatcher->dispatch(Object(Illuminate/Routing/Route), Object(App/Http/Controllers/Api/AuthController), 'login')
#11 C:/Users/nouhm/Downloads/PROJET_CYNA/Projet-CYNA-DEV/backend-laravel/vendor/laravel/framework/src/Illuminate/Routing/Route.php(212): Illuminate/Routing/Route->runController()
#12 C:/Users/nouhm/Downloads/PROJET_CYNA/Projet-CYNA-DEV/backend-laravel/vendor/laravel/framework/src/Illuminate/Routing/Router.php(808): Illuminate/Routing/Route->run()
#13 C:/Users/nouhm/Downloads/PROJET_CYNA/Projet-CYNA-DEV/backend-laravel/vendor/laravel/framework/src/Illuminate/Pipeline/Pipeline.php(170): Illuminate/Routing/Router->{closure:Illuminate/Routing/Router::runRouteWithinStack():807}(Object(Illuminate/Http/Request))
#14 C:/Users/nouhm/Downloads/PROJET_CYNA/Projet-CYNA-DEV/backend-laravel/vendor/laravel/framework/src/Illuminate/Routing/Middleware/SubstituteBindings.php(51): Illuminate/Pipeline/Pipeline->{closure:Illuminate/Pipeline/Pipeline::prepareDestination():168}(Object(Illuminate/Http/Request))
#15 C:/Users/nouhm/Downloads/PROJET_CYNA/Projet-CYNA-DEV/backend-laravel/vendor/laravel/framework/src/Illuminate/Pipeline/Pipeline.php(209): Illuminate/Routing/Middleware/SubstituteBindings->handle(Object(Illuminate/Http/Request), Object(Closure))
#16 C:/Users/nouhm/Downloads/PROJET_CYNA/Projet-CYNA-DEV/backend-laravel/vendor/laravel/sanctum/src/Http/Middleware/EnsureFrontendRequestsAreStateful.php(26): Illuminate/Pipeline/Pipeline->{closure:{closure:Illuminate/Pipeline/Pipeline::carry():184}:185}(Object(Illuminate/Http/Request))
#17 C:/Users/nouhm/Downloads/PROJET_CYNA/Projet-CYNA-DEV/backend-laravel/vendor/laravel/framework/src/Illuminate/Pipeline/Pipeline.php(170): Laravel/Sanctum/Http/Middleware/EnsureFrontendRequestsAreStateful->{closure:Laravel/Sanctum/Http/Middleware/EnsureFrontendRequestsAreStateful::handle():25}(Object(Illuminate/Http/Request))
#18 C:/Users/nouhm/Downloads/PROJET_CYNA/Projet-CYNA-DEV/backend-laravel/vendor/laravel/framework/src/Illuminate/Pipeline/Pipeline.php(127): Illuminate/Pipeline/Pipeline->{closure:Illuminate/Pipeline/Pipeline::prepareDestination():168}(Object(Illuminate/Http/Request))
#19 C:/Users/nouhm/Downloads/PROJET_CYNA/Projet-CYNA-DEV/backend-laravel/vendor/laravel/sanctum/src/Http/Middleware/EnsureFrontendRequestsAreStateful.php(25): Illuminate/Pipeline/Pipeline->then(Object(Closure))
#20 C:/Users/nouhm/Downloads/PROJET_CYNA/Projet-CYNA-DEV/backend-laravel/vendor/laravel/framework/src/Illuminate/Pipeline/Pipeline.php(209): Laravel/Sanctum/Http/Middleware/EnsureFrontendRequestsAreStateful->handle(Object(Illuminate/Http/Request), Object(Closure))
#21 C:/Users/nouhm/Downloads/PROJET_CYNA/Projet-CYNA-DEV/backend-laravel/vendor/laravel/framework/src/Illuminate/Pipeline/Pipeline.php(127): Illuminate/Pipeline/Pipeline->{closure:{closure:Illuminate/Pipeline/Pipeline::carry():184}:185}(Object(Illuminate/Http/Request))
#22 C:/Users/nouhm/Downloads/PROJET_CYNA/Projet-CYNA-DEV/backend-laravel/vendor/laravel/framework/src/Illuminate/Routing/Router.php(807): Illuminate/Pipeline/Pipeline->then(Object(Closure))
#23 C:/Users/nouhm/Downloads/PROJET_CYNA/Projet-CYNA-DEV/backend-laravel/vendor/laravel/framework/src/Illuminate/Routing/Router.php(786): Illuminate/Routing/Router->runRouteWithinStack(Object(Illuminate/Routing/Route), Object(Illuminate/Http/Request))
#24 C:/Users/nouhm/Downloads/PROJET_CYNA/Projet-CYNA-DEV/backend-laravel/vendor/laravel/framework/src/Illuminate/Routing/Router.php(750): Illuminate/Routing/Router->runRoute(Object(Illuminate/Http/Request), Object(Illuminate/Routing/Route))
#25 C:/Users/nouhm/Downloads/PROJET_CYNA/Projet-CYNA-DEV/backend-laravel/vendor/laravel/framework/src/Illuminate/Routing/Router.php(739): Illuminate/Routing/Router->dispatchToRoute(Object(Illuminate/Http/Request))
#26 C:/Users/nouhm/Downloads/PROJET_CYNA/Projet-CYNA-DEV/backend-laravel/vendor/laravel/framework/src/Illuminate/Foundation/Http/Kernel.php(201): Illuminate/Routing/Router->dispatch(Object(Illuminate/Http/Request))
#27 C:/Users/nouhm/Downloads/PROJET_CYNA/Projet-CYNA-DEV/backend-laravel/vendor/laravel/framework/src/Illuminate/Pipeline/Pipeline.php(170): Illuminate/Foundation/Http/Kernel->{closure:Illuminate/Foundation/Http/Kernel::dispatchToRouter():198}(Object(Illuminate/Http/Request))
#28 C:/Users/nouhm/Downloads/PROJET_CYNA/Projet-CYNA-DEV/backend-laravel/vendor/laravel/framework/src/Illuminate/Foundation/Http/Middleware/TransformsRequest.php(21): Illuminate/Pipeline/Pipeline->{closure:Illuminate/Pipeline/Pipeline::prepareDestination():168}(Object(Illuminate/Http/Request))
#29 C:/Users/nouhm/Downloads/PROJET_CYNA/Projet-CYNA-DEV/backend-laravel/vendor/laravel/framework/src/Illuminate/Foundation/Http/Middleware/ConvertEmptyStringsToNull.php(31): Illuminate/Foundation/Http/Middleware/TransformsRequest->handle(Object(Illuminate/Http/Request), Object(Closure))
#30 C:/Users/nouhm/Downloads/PROJET_CYNA/Projet-CYNA-DEV/backend-laravel/vendor/laravel/framework/src/Illuminate/Pipeline/Pipeline.php(209): Illuminate/Foundation/Http/Middleware/ConvertEmptyStringsToNull->handle(Object(Illuminate/Http/Request), Object(Closure))
#31 C:/Users/nouhm/Downloads/PROJET_CYNA/Projet-CYNA-DEV/backend-laravel/vendor/laravel/framework/src/Illuminate/Foundation/Http/Middleware/TransformsRequest.php(21): Illuminate/Pipeline/Pipeline->{closure:{closure:Illuminate/Pipeline/Pipeline::carry():184}:185}(Object(Illuminate/Http/Request))
#32 C:/Users/nouhm/Downloads/PROJET_CYNA/Projet-CYNA-DEV/backend-laravel/vendor/laravel/framework/src/Illuminate/Foundation/Http/Middleware/TrimStrings.php(51): Illuminate/Foundation/Http/Middleware/TransformsRequest->handle(Object(Illuminate/Http/Request), Object(Closure))
#33 C:/Users/nouhm/Downloads/PROJET_CYNA/Projet-CYNA-DEV/backend-laravel/vendor/laravel/framework/src/Illuminate/Pipeline/Pipeline.php(209): Illuminate/Foundation/Http/Middleware/TrimStrings->handle(Object(Illuminate/Http/Request), Object(Closure))
#34 C:/Users/nouhm/Downloads/PROJET_CYNA/Projet-CYNA-DEV/backend-laravel/vendor/laravel/framework/src/Illuminate/Http/Middleware/ValidatePostSize.php(27): Illuminate/Pipeline/Pipeline->{closure:{closure:Illuminate/Pipeline/Pipeline::carry():184}:185}(Object(Illuminate/Http/Request))
#35 C:/Users/nouhm/Downloads/PROJET_CYNA/Projet-CYNA-DEV/backend-laravel/vendor/laravel/framework/src/Illuminate/Pipeline/Pipeline.php(209): Illuminate/Http/Middleware/ValidatePostSize->handle(Object(Illuminate/Http/Request), Object(Closure))
#36 C:/Users/nouhm/Downloads/PROJET_CYNA/Projet-CYNA-DEV/backend-laravel/vendor/laravel/framework/src/Illuminate/Foundation/Http/Middleware/PreventRequestsDuringMaintenance.php(110): Illuminate/Pipeline/Pipeline->{closure:{closure:Illuminate/Pipeline/Pipeline::carry():184}:185}(Object(Illuminate/Http/Request))
#37 C:/Users/nouhm/Downloads/PROJET_CYNA/Projet-CYNA-DEV/backend-laravel/vendor/laravel/framework/src/Illuminate/Pipeline/Pipeline.php(209): Illuminate/Foundation/Http/Middleware/PreventRequestsDuringMaintenance->handle(Object(Illuminate/Http/Request), Object(Closure))
#38 C:/Users/nouhm/Downloads/PROJET_CYNA/Projet-CYNA-DEV/backend-laravel/vendor/laravel/framework/src/Illuminate/Http/Middleware/HandleCors.php(62): Illuminate/Pipeline/Pipeline->{closure:{closure:Illuminate/Pipeline/Pipeline::carry():184}:185}(Object(Illuminate/Http/Request))
#39 C:/Users/nouhm/Downloads/PROJET_CYNA/Projet-CYNA-DEV/backend-laravel/vendor/laravel/framework/src/Illuminate/Pipeline/Pipeline.php(209): Illuminate/Http/Middleware/HandleCors->handle(Object(Illuminate/Http/Request), Object(Closure))
#40 C:/Users/nouhm/Downloads/PROJET_CYNA/Projet-CYNA-DEV/backend-laravel/vendor/laravel/framework/src/Illuminate/Http/Middleware/TrustProxies.php(58): Illuminate/Pipeline/Pipeline->{closure:{closure:Illuminate/Pipeline/Pipeline::carry():184}:185}(Object(Illuminate/Http/Request))
#41 C:/Users/nouhm/Downloads/PROJET_CYNA/Projet-CYNA-DEV/backend-laravel/vendor/laravel/framework/src/Illuminate/Pipeline/Pipeline.php(209): Illuminate/Http/Middleware/TrustProxies->handle(Object(Illuminate/Http/Request), Object(Closure))
#42 C:/Users/nouhm/Downloads/PROJET_CYNA/Projet-CYNA-DEV/backend-laravel/vendor/laravel/framework/src/Illuminate/Foundation/Http/Middleware/InvokeDeferredCallbacks.php(22): Illuminate/Pipeline/Pipeline->{closure:{closure:Illuminate/Pipeline/Pipeline::carry():184}:185}(Object(Illuminate/Http/Request))
#43 C:/Users/nouhm/Downloads/PROJET_CYNA/Projet-CYNA-DEV/backend-laravel/vendor/laravel/framework/src/Illuminate/Pipeline/Pipeline.php(209): Illuminate/Foundation/Http/Middleware/InvokeDeferredCallbacks->handle(Object(Illuminate/Http/Request), Object(Closure))
#44 C:/Users/nouhm/Downloads/PROJET_CYNA/Projet-CYNA-DEV/backend-laravel/vendor/laravel/framework/src/Illuminate/Pipeline/Pipeline.php(127): Illuminate/Pipeline/Pipeline->{closure:{closure:Illuminate/Pipeline/Pipeline::carry():184}:185}(Object(Illuminate/Http/Request))
#45 C:/Users/nouhm/Downloads/PROJET_CYNA/Projet-CYNA-DEV/backend-laravel/vendor/laravel/framework/src/Illuminate/Foundation/Http/Kernel.php(176): Illuminate/Pipeline/Pipeline->then(Object(Closure))
#46 C:/Users/nouhm/Downloads/PROJET_CYNA/Projet-CYNA-DEV/backend-laravel/vendor/laravel/framework/src/Illuminate/Foundation/Http/Kernel.php(145): Illuminate/Foundation/Http/Kernel->sendRequestThroughRouter(Object(Illuminate/Http/Request))
#47 C:/Users/nouhm/Downloads/PROJET_CYNA/Projet-CYNA-DEV/backend-laravel/vendor/laravel/framework/src/Illuminate/Foundation/Application.php(1220): Illuminate/Foundation/Http/Kernel->handle(Object(Illuminate/Http/Request))
#48 C:/Users/nouhm/Downloads/PROJET_CYNA/Projet-CYNA-DEV/backend-laravel/public/index.php(20): Illuminate/Foundation/Application->handleRequest(Object(Illuminate/Http/Request))
#49 C:/Users/nouhm/Downloads/PROJET_CYNA/Projet-CYNA-DEV/backend-laravel/vendor/laravel/framework/src/Illuminate/Foundation/resources/server.php(23): require_once('C://Users//nouhm//...')
#50 {main}

[previous exception] [object] (PDOException(code: 42S02): SQLSTATE[42S02]: Base table or view not found: 1146 Table 'cyna_db.personal_access_tokens' doesn't exist at C:/Users/nouhm/Downloads/PROJET_CYNA/Projet-CYNA-DEV/backend-laravel/vendor/laravel/framework/src/Illuminate/Database/Connection.php:592)
[stacktrace]
#0 C:/Users/nouhm/Downloads/PROJET_CYNA/Projet-CYNA-DEV/backend-laravel/vendor/laravel/framework/src/Illuminate/Database/Connection.php(592): PDO->prepare('delete from `pe...')
#1 C:/Users/nouhm/Downloads/PROJET_CYNA/Projet-CYNA-DEV/backend-laravel/vendor/laravel/framework/src/Illuminate/Database/Connection.php(812): Illuminate/Database/Connection->{closure:Illuminate/Database/Connection::affectingStatement():584}('delete from `pe...', Array)
#2 C:/Users/nouhm/Downloads/PROJET_CYNA/Projet-CYNA-DEV/backend-laravel/vendor/laravel/framework/src/Illuminate/Database/Connection.php(779): Illuminate/Database/Connection->runQueryCallback('delete from `pe...', Array, Object(Closure))
#3 C:/Users/nouhm/Downloads/PROJET_CYNA/Projet-CYNA-DEV/backend-laravel/vendor/laravel/framework/src/Illuminate/Database/Connection.php(584): Illuminate/Database/Connection->run('delete from `pe...', Array, Object(Closure))
#4 C:/Users/nouhm/Downloads/PROJET_CYNA/Projet-CYNA-DEV/backend-laravel/vendor/laravel/framework/src/Illuminate/Database/Connection.php(548): Illuminate/Database/Connection->affectingStatement('delete from `pe...', Array)
#5 C:/Users/nouhm/Downloads/PROJET_CYNA/Projet-CYNA-DEV/backend-laravel/vendor/laravel/framework/src/Illuminate/Database/Query/Builder.php(4024): Illuminate/Database/Connection->delete('delete from `pe...', Array)
#6 C:/Users/nouhm/Downloads/PROJET_CYNA/Projet-CYNA-DEV/backend-laravel/vendor/laravel/framework/src/Illuminate/Database/Eloquent/Builder.php(1387): Illuminate/Database/Query/Builder->delete()
#7 C:/Users/nouhm/Downloads/PROJET_CYNA/Projet-CYNA-DEV/backend-laravel/vendor/laravel/framework/src/Illuminate/Support/Traits/ForwardsCalls.php(23): Illuminate/Database/Eloquent/Builder->delete()
#8 C:/Users/nouhm/Downloads/PROJET_CYNA/Projet-CYNA-DEV/backend-laravel/vendor/laravel/framework/src/Illuminate/Support/Traits/ForwardsCalls.php(52): Illuminate/Database/Eloquent/Relations/Relation->forwardCallTo(Object(Illuminate/Database/Eloquent/Builder), 'delete', Array)
#9 C:/Users/nouhm/Downloads/PROJET_CYNA/Projet-CYNA-DEV/backend-laravel/vendor/laravel/framework/src/Illuminate/Database/Eloquent/Relations/Relation.php(538): Illuminate/Database/Eloquent/Relations/Relation->forwardDecoratedCallTo(Object(Illuminate/Database/Eloquent/Builder), 'delete', Array)
#10 C:/Users/nouhm/Downloads/PROJET_CYNA/Projet-CYNA-DEV/backend-laravel/app/Http/Controllers/Api/AuthController.php(74): Illuminate/Database/Eloquent/Relations/Relation->__call('delete', Array)
#11 C:/Users/nouhm/Downloads/PROJET_CYNA/Projet-CYNA-DEV/backend-laravel/vendor/laravel/framework/src/Illuminate/Routing/ControllerDispatcher.php(47): App/Http/Controllers/Api/AuthController->login(Object(Illuminate/Http/Request))
#12 C:/Users/nouhm/Downloads/PROJET_CYNA/Projet-CYNA-DEV/backend-laravel/vendor/laravel/framework/src/Illuminate/Routing/Route.php(266): Illuminate/Routing/ControllerDispatcher->dispatch(Object(Illuminate/Routing/Route), Object(App/Http/Controllers/Api/AuthController), 'login')
#13 C:/Users/nouhm/Downloads/PROJET_CYNA/Projet-CYNA-DEV/backend-laravel/vendor/laravel/framework/src/Illuminate/Routing/Route.php(212): Illuminate/Routing/Route->runController()
#14 C:/Users/nouhm/Downloads/PROJET_CYNA/Projet-CYNA-DEV/backend-laravel/vendor/laravel/framework/src/Illuminate/Routing/Router.php(808): Illuminate/Routing/Route->run()
#15 C:/Users/nouhm/Downloads/PROJET_CYNA/Projet-CYNA-DEV/backend-laravel/vendor/laravel/framework/src/Illuminate/Pipeline/Pipeline.php(170): Illuminate/Routing/Router->{closure:Illuminate/Routing/Router::runRouteWithinStack():807}(Object(Illuminate/Http/Request))
#16 C:/Users/nouhm/Downloads/PROJET_CYNA/Projet-CYNA-DEV/backend-laravel/vendor/laravel/framework/src/Illuminate/Routing/Middleware/SubstituteBindings.php(51): Illuminate/Pipeline/Pipeline->{closure:Illuminate/Pipeline/Pipeline::prepareDestination():168}(Object(Illuminate/Http/Request))
#17 C:/Users/nouhm/Downloads/PROJET_CYNA/Projet-CYNA-DEV/backend-laravel/vendor/laravel/framework/src/Illuminate/Pipeline/Pipeline.php(209): Illuminate/Routing/Middleware/SubstituteBindings->handle(Object(Illuminate/Http/Request), Object(Closure))
#18 C:/Users/nouhm/Downloads/PROJET_CYNA/Projet-CYNA-DEV/backend-laravel/vendor/laravel/sanctum/src/Http/Middleware/EnsureFrontendRequestsAreStateful.php(26): Illuminate/Pipeline/Pipeline->{closure:{closure:Illuminate/Pipeline/Pipeline::carry():184}:185}(Object(Illuminate/Http/Request))
#19 C:/Users/nouhm/Downloads/PROJET_CYNA/Projet-CYNA-DEV/backend-laravel/vendor/laravel/framework/src/Illuminate/Pipeline/Pipeline.php(170): Laravel/Sanctum/Http/Middleware/EnsureFrontendRequestsAreStateful->{closure:Laravel/Sanctum/Http/Middleware/EnsureFrontendRequestsAreStateful::handle():25}(Object(Illuminate/Http/Request))
#20 C:/Users/nouhm/Downloads/PROJET_CYNA/Projet-CYNA-DEV/backend-laravel/vendor/laravel/framework/src/Illuminate/Pipeline/Pipeline.php(127): Illuminate/Pipeline/Pipeline->{closure:Illuminate/Pipeline/Pipeline::prepareDestination():168}(Object(Illuminate/Http/Request))
#21 C:/Users/nouhm/Downloads/PROJET_CYNA/Projet-CYNA-DEV/backend-laravel/vendor/laravel/sanctum/src/Http/Middleware/EnsureFrontendRequestsAreStateful.php(25): Illuminate/Pipeline/Pipeline->then(Object(Closure))
#22 C:/Users/nouhm/Downloads/PROJET_CYNA/Projet-CYNA-DEV/backend-laravel/vendor/laravel/framework/src/Illuminate/Pipeline/Pipeline.php(209): Laravel/Sanctum/Http/Middleware/EnsureFrontendRequestsAreStateful->handle(Object(Illuminate/Http/Request), Object(Closure))
#23 C:/Users/nouhm/Downloads/PROJET_CYNA/Projet-CYNA-DEV/backend-laravel/vendor/laravel/framework/src/Illuminate/Pipeline/Pipeline.php(127): Illuminate/Pipeline/Pipeline->{closure:{closure:Illuminate/Pipeline/Pipeline::carry():184}:185}(Object(Illuminate/Http/Request))
#24 C:/Users/nouhm/Downloads/PROJET_CYNA/Projet-CYNA-DEV/backend-laravel/vendor/laravel/framework/src/Illuminate/Routing/Router.php(807): Illuminate/Pipeline/Pipeline->then(Object(Closure))
#25 C:/Users/nouhm/Downloads/PROJET_CYNA/Projet-CYNA-DEV/backend-laravel/vendor/laravel/framework/src/Illuminate/Routing/Router.php(786): Illuminate/Routing/Router->runRouteWithinStack(Object(Illuminate/Routing/Route), Object(Illuminate/Http/Request))
#26 C:/Users/nouhm/Downloads/PROJET_CYNA/Projet-CYNA-DEV/backend-laravel/vendor/laravel/framework/src/Illuminate/Routing/Router.php(750): Illuminate/Routing/Router->runRoute(Object(Illuminate/Http/Request), Object(Illuminate/Routing/Route))
#27 C:/Users/nouhm/Downloads/PROJET_CYNA/Projet-CYNA-DEV/backend-laravel/vendor/laravel/framework/src/Illuminate/Routing/Router.php(739): Illuminate/Routing/Router->dispatchToRoute(Object(Illuminate/Http/Request))
#28 C:/Users/nouhm/Downloads/PROJET_CYNA/Projet-CYNA-DEV/backend-laravel/vendor/laravel/framework/src/Illuminate/Foundation/Http/Kernel.php(201): Illuminate/Routing/Router->dispatch(Object(Illuminate/Http/Request))
#29 C:/Users/nouhm/Downloads/PROJET_CYNA/Projet-CYNA-DEV/backend-laravel/vendor/laravel/framework/src/Illuminate/Pipeline/Pipeline.php(170): Illuminate/Foundation/Http/Kernel->{closure:Illuminate/Foundation/Http/Kernel::dispatchToRouter():198}(Object(Illuminate/Http/Request))
#30 C:/Users/nouhm/Downloads/PROJET_CYNA/Projet-CYNA-DEV/backend-laravel/vendor/laravel/framework/src/Illuminate/Foundation/Http/Middleware/TransformsRequest.php(21): Illuminate/Pipeline/Pipeline->{closure:Illuminate/Pipeline/Pipeline::prepareDestination():168}(Object(Illuminate/Http/Request))
#31 C:/Users/nouhm/Downloads/PROJET_CYNA/Projet-CYNA-DEV/backend-laravel/vendor/laravel/framework/src/Illuminate/Foundation/Http/Middleware/ConvertEmptyStringsToNull.php(31): Illuminate/Foundation/Http/Middleware/TransformsRequest->handle(Object(Illuminate/Http/Request), Object(Closure))
#32 C:/Users/nouhm/Downloads/PROJET_CYNA/Projet-CYNA-DEV/backend-laravel/vendor/laravel/framework/src/Illuminate/Pipeline/Pipeline.php(209): Illuminate/Foundation/Http/Middleware/ConvertEmptyStringsToNull->handle(Object(Illuminate/Http/Request), Object(Closure))
#33 C:/Users/nouhm/Downloads/PROJET_CYNA/Projet-CYNA-DEV/backend-laravel/vendor/laravel/framework/src/Illuminate/Foundation/Http/Middleware/TransformsRequest.php(21): Illuminate/Pipeline/Pipeline->{closure:{closure:Illuminate/Pipeline/Pipeline::carry():184}:185}(Object(Illuminate/Http/Request))
#34 C:/Users/nouhm/Downloads/PROJET_CYNA/Projet-CYNA-DEV/backend-laravel/vendor/laravel/framework/src/Illuminate/Foundation/Http/Middleware/TrimStrings.php(51): Illuminate/Foundation/Http/Middleware/TransformsRequest->handle(Object(Illuminate/Http/Request), Object(Closure))
#35 C:/Users/nouhm/Downloads/PROJET_CYNA/Projet-CYNA-DEV/backend-laravel/vendor/laravel/framework/src/Illuminate/Pipeline/Pipeline.php(209): Illuminate/Foundation/Http/Middleware/TrimStrings->handle(Object(Illuminate/Http/Request), Object(Closure))
#36 C:/Users/nouhm/Downloads/PROJET_CYNA/Projet-CYNA-DEV/backend-laravel/vendor/laravel/framework/src/Illuminate/Http/Middleware/ValidatePostSize.php(27): Illuminate/Pipeline/Pipeline->{closure:{closure:Illuminate/Pipeline/Pipeline::carry():184}:185}(Object(Illuminate/Http/Request))
#37 C:/Users/nouhm/Downloads/PROJET_CYNA/Projet-CYNA-DEV/backend-laravel/vendor/laravel/framework/src/Illuminate/Pipeline/Pipeline.php(209): Illuminate/Http/Middleware/ValidatePostSize->handle(Object(Illuminate/Http/Request), Object(Closure))
#38 C:/Users/nouhm/Downloads/PROJET_CYNA/Projet-CYNA-DEV/backend-laravel/vendor/laravel/framework/src/Illuminate/Foundation/Http/Middleware/PreventRequestsDuringMaintenance.php(110): Illuminate/Pipeline/Pipeline->{closure:{closure:Illuminate/Pipeline/Pipeline::carry():184}:185}(Object(Illuminate/Http/Request))
#39 C:/Users/nouhm/Downloads/PROJET_CYNA/Projet-CYNA-DEV/backend-laravel/vendor/laravel/framework/src/Illuminate/Pipeline/Pipeline.php(209): Illuminate/Foundation/Http/Middleware/PreventRequestsDuringMaintenance->handle(Object(Illuminate/Http/Request), Object(Closure))
#40 C:/Users/nouhm/Downloads/PROJET_CYNA/Projet-CYNA-DEV/backend-laravel/vendor/laravel/framework/src/Illuminate/Http/Middleware/HandleCors.php(62): Illuminate/Pipeline/Pipeline->{closure:{closure:Illuminate/Pipeline/Pipeline::carry():184}:185}(Object(Illuminate/Http/Request))
#41 C:/Users/nouhm/Downloads/PROJET_CYNA/Projet-CYNA-DEV/backend-laravel/vendor/laravel/framework/src/Illuminate/Pipeline/Pipeline.php(209): Illuminate/Http/Middleware/HandleCors->handle(Object(Illuminate/Http/Request), Object(Closure))
#42 C:/Users/nouhm/Downloads/PROJET_CYNA/Projet-CYNA-DEV/backend-laravel/vendor/laravel/framework/src/Illuminate/Http/Middleware/TrustProxies.php(58): Illuminate/Pipeline/Pipeline->{closure:{closure:Illuminate/Pipeline/Pipeline::carry():184}:185}(Object(Illuminate/Http/Request))
#43 C:/Users/nouhm/Downloads/PROJET_CYNA/Projet-CYNA-DEV/backend-laravel/vendor/laravel/framework/src/Illuminate/Pipeline/Pipeline.php(209): Illuminate/Http/Middleware/TrustProxies->handle(Object(Illuminate/Http/Request), Object(Closure))
#44 C:/Users/nouhm/Downloads/PROJET_CYNA/Projet-CYNA-DEV/backend-laravel/vendor/laravel/framework/src/Illuminate/Foundation/Http/Middleware/InvokeDeferredCallbacks.php(22): Illuminate/Pipeline/Pipeline->{closure:{closure:Illuminate/Pipeline/Pipeline::carry():184}:185}(Object(Illuminate/Http/Request))
#45 C:/Users/nouhm/Downloads/PROJET_CYNA/Projet-CYNA-DEV/backend-laravel/vendor/laravel/framework/src/Illuminate/Pipeline/Pipeline.php(209): Illuminate/Foundation/Http/Middleware/InvokeDeferredCallbacks->handle(Object(Illuminate/Http/Request), Object(Closure))
#46 C:/Users/nouhm/Downloads/PROJET_CYNA/Projet-CYNA-DEV/backend-laravel/vendor/laravel/framework/src/Illuminate/Pipeline/Pipeline.php(127): Illuminate/Pipeline/Pipeline->{closure:{closure:Illuminate/Pipeline/Pipeline::carry():184}:185}(Object(Illuminate/Http/Request))
#47 C:/Users/nouhm/Downloads/PROJET_CYNA/Projet-CYNA-DEV/backend-laravel/vendor/laravel/framework/src/Illuminate/Foundation/Http/Kernel.php(176): Illuminate/Pipeline/Pipeline->then(Object(Closure))
#48 C:/Users/nouhm/Downloads/PROJET_CYNA/Projet-CYNA-DEV/backend-laravel/vendor/laravel/framework/src/Illuminate/Foundation/Http/Kernel.php(145): Illuminate/Foundation/Http/Kernel->sendRequestThroughRouter(Object(Illuminate/Http/Request))
#49 C:/Users/nouhm/Downloads/PROJET_CYNA/Projet-CYNA-DEV/backend-laravel/vendor/laravel/framework/src/Illuminate/Foundation/Application.php(1220): Illuminate/Foundation/Http/Kernel->handle(Object(Illuminate/Http/Request))
#50 C:/Users/nouhm/Downloads/PROJET_CYNA/Projet-CYNA-DEV/backend-laravel/public/index.php(20): Illuminate/Foundation/Application->handleRequest(Object(Illuminate/Http/Request))
#51 C:/Users/nouhm/Downloads/PROJET_CYNA/Projet-CYNA-DEV/backend-laravel/vendor/laravel/framework/src/Illuminate/Foundation/resources/server.php(23): require_once('C://Users//nouhm//...')
#52 {main}
"} 
